<?xml version="1.0" encoding="UTF-8"?>
<testsuite name="org.rd.template.gradle.list.LinkedListTest" tests="4" skipped="0" failures="0" errors="0" timestamp="2021-01-27T01:00:11" hostname="RDemerss-MBP" time="0.038">
  <properties/>
  <testcase name="testAdd()" classname="org.rd.template.gradle.list.LinkedListTest" time="0.03"/>
  <testcase name="testRemoveMissing()" classname="org.rd.template.gradle.list.LinkedListTest" time="0.002"/>
  <testcase name="testRemove()" classname="org.rd.template.gradle.list.LinkedListTest" time="0.002"/>
  <testcase name="testConstructor()" classname="org.rd.template.gradle.list.LinkedListTest" time="0.001"/>
  <system-out><![CDATA[]]></system-out>
  <system-err><![CDATA[]]></system-err>
</testsuite>
